17 -5.520693 7.862089 0.478646 0.286997 -4.068865 6.948849 -3.825775 -2.971095 -2.165719 -1.921978 -2.279711 5.077470 2.444643 -1.617948 2.961511 -0.131202 12.155319 3.316405 -1.863676 -3.691344 -1.267160 5.875523 -5.682450 -2.265252 -8.134585
1 11.177342 -7.923432 -0.743413 -4.761980 -2.572985 -4.035135 2.825511 5.306199 -3.845687 1.381233 0.530709 0.501075 -4.853490 3.926057 -3.157312 -2.506849 -5.367896 2.057343 -0.937409 1.087616 0.430316 7.200158 1.493806 1.176219 1.612003
17 -5.520693 7.862089 0.478646 0.286997 -4.068865 6.948849 -3.825775 -2.971095 -2.165719 -1.921978 -2.279711 5.077470 2.444643 -1.617948 2.961511 -0.131202 12.155319 3.316405 -1.863676 -3.691344 -1.267160 5.875523 -5.682450 -2.265252 -8.134585
24 -11.844293 -5.763734 -0.243424 -18.447922 -6.038170 -4.338900 -4.002848 6.087996 3.471599 -20.741682 -7.485403 -6.511214 -2.037833 -4.640265 8.083564 14.869329 -1.896676 -10.851146 0.239211 -0.175209 -11.892748 -2.413475 -19.105029 97.286053 8.392217
15 -5.442818 -7.790596 -3.765217 -0.984642 4.509073 12.586312 4.476090 2.250606 5.431050 -0.212310 1.143807 -6.032927 -4.726123 0.321857 16.118198 -6.360909 4.321222 -4.132989 -7.469699 -0.399226 -14.902874 -3.552375 7.150701 0.016838 7.446959
7 2.746093 -6.791121 -3.826911 1.861429 -3.116747 5.507520 14.376269 2.429951 7.913191 -3.425538 -8.698922 -6.618908 -6.082660 0.030130 0.766944 -1.037433 -2.098243 -5.038912 -1.839347 10.188653 -0.882218 4.494068 7.842919 -8.669696 -0.030512
15 1.223268 -3.740640 -4.000789 -2.657929 -12.303890 2.986492 11.452044 -4.642344 -9.566538 3.685688 -10.884339 -7.171696 13.332394 0.708248 20.575061 -8.027419 -5.556781 -0.009363 -5.495202 1.544159 2.784920 -2.133387 9.276708 12.851633 -4.230300
1 14.683677 3.980057 -1.911130 -1.562011 -6.907155 -9.109507 2.055423 -0.907358 -5.914408 0.757933 13.189342 -8.901579 2.016609 2.950084 -0.502054 -12.638743 -2.591645 -2.089675 -3.418523 -1.468957 -1.908827 3.610422 4.350105 11.432377 0.805551
18 -2.890896 0.527873 0.688094 1.324747 -2.151846 2.824359 -0.043650 -2.811026 0.539151 -2.048133 -0.913413 -1.375672 -0.589408 -1.620008 0.491312 0.986184 0.397899 5.619682 -1.915814 -0.160166 -1.923022 1.863157 1.104867 0.871148 1.204581
15 -5.991823 6.147790 -10.117029 2.580070 -2.471480 3.371920 -1.273305 0.216632 10.785151 -3.702939 4.077800 2.075585 -4.112949 -3.966193 10.856330 1.532166 -3.609279 -0.196300 0.592788 -5.014407 6.826414 -9.670283 -5.497428 3.582946 2.977819
4 1.055081 3.082411 4.602488 13.044489 -0.869489 -2.466479 0.829972 -3.024784 -0.754006 -6.446496 -2.545488 -1.363056 -3.204287 2.807412 0.172137 -5.977052 5.943645 -4.665966 -0.855914 -2.264937 -1.552740 0.379665 8.303238 -0.353106 -3.876737
20 -5.863543 -6.021277 -4.662394 -12.073038 -5.379299 10.506691 -1.305376 2.319312 -9.274336 7.252089 -3.949652 3.427494 -0.959235 14.431509 -4.989545 -0.519795 6.285017 7.646442 -7.006533 25.930195 -13.512037 6.214776 -5.220747 10.038930 -13.315649
18 -3.586715 -9.830688 -2.744938 3.992989 3.789662 4.077048 -3.259349 1.465374 -6.307989 2.797740 1.674865 -2.042368 -3.442589 -5.698428 6.030532 1.197357 1.045924 13.453741 2.742897 -3.231161 2.307043 1.530828 1.148027 1.883952 -8.993755
10 0.282953 -3.475816 -8.091130 -5.459710 6.715530 -2.066426 0.682010 2.563049 -2.065593 9.828719 -2.550117 -7.530218 9.312944 7.974406 1.111672 -2.928148 0.450648 5.219913 1.837350 1.046423 1.058962 -1.447976 -5.746665 -0.787379 -5.935398
11 -4.653067 -3.909995 11.530265 -11.898541 4.654059 5.768556 -10.709594 4.097566 -1.245762 -6.974352 17.000741 6.872969 13.824612 -16.953861 1.470301 5.161633 -1.251082 -17.198314 -4.096678 13.089890 -0.145722 -0.280000 2.273575 -11.750017 5.322816
23 6.983285 6.987145 -3.629056 -7.315056 -4.914186 16.461891 -3.691009 -11.306692 3.066477 -1.017324 -1.829723 13.257042 6.386925 -20.985405 -12.764900 -0.998291 6.313144 15.976854 -4.403501 6.126816 -15.516462 -5.106953 18.197762 -17.489204 11.210421
2 6.578137 19.758959 -11.289967 6.461150 -2.791262 -1.764529 4.572808 -0.686510 -2.346157 -2.466321 -5.636918 -0.533515 10.135700 -6.757501 4.139966 0.562515 -6.474924 -1.063176 4.051840 -11.218556 -9.328042 3.527679 0.561093 2.092775 -0.085236
23 -2.462547 6.201588 -2.742168 -0.708199 -1.759374 0.952749 1.697536 2.294006 -2.881729 -3.827565 0.051467 -1.092693 0.381107 -3.556792 -1.496886 1.872577 -0.923948 1.088224 -2.606517 -1.271815 -0.721946 -3.046861 6.985644 6.825142 0.749008
9 3.768633 -6.297601 -2.319855 0.181023 3.311882 -3.402837 2.924994 -0.850325 5.371203 -1.863576 1.739345 -2.898093 -3.273495 -2.203957 3.945639 2.583622 -6.249642 0.673703 -2.592835 -0.153430 2.259371 2.086385 0.105614 1.610039 1.544193
22 -8.950616 -1.903833 5.271927 -6.720159 -11.632222 -3.803279 -3.251681 -4.140783 -3.110411 -13.967388 0.685166 0.962971 -0.881426 2.079211 -3.126273 -3.870201 -9.114062 -7.285974 -0.644880 4.068519 -10.941798 107.528014 -5.541667 -17.399291 -4.309868
1 5.874698 -5.279844 1.391940 1.789522 -2.393048 -1.796947 -0.697412 -1.303267 -1.674495 -1.952030 1.191205 2.951388 2.164751 2.315246 0.137269 2.922629 -2.284981 -0.075156 -0.611030 2.660572 -0.594978 -5.168981 1.495660 -0.161424 -0.901288
11 -13.685140 -1.719183 -4.422194 -2.192424 -6.042954 -10.194659 -15.341048 -0.155665 -3.363277 -16.290240 113.912891 10.624377 -5.791163 -5.049647 -2.863182 -14.575771 1.738133 6.170035 -6.641042 -0.324700 -14.300256 -10.603133 0.566635 -12.351655 12.895267
18 -1.065571 -0.875018 -1.079915 0.305578 0.061315 -1.158898 2.493943 0.767278 -1.042750 0.185285 0.107157 -1.485641 2.217862 -0.467309 0.036770 -1.151760 1.754772 4.512273 -0.528209 -0.125586 0.392736 -1.755958 -1.177131 -0.531030 -0.390193
16 4.739014 0.364496 -3.376902 1.911442 1.044611 -1.067538 2.738131 -1.876312 -2.355447 1.500136 -0.839458 0.676301 4.199556 0.695680 0.246228 6.169449 -3.352775 -1.426042 5.271351 -0.848858 -2.524799 -5.896993 1.115352 -2.989357 -4.117265
24 2.433461 -3.584361 -3.066453 4.720687 1.591039 -7.038142 -1.541696 -0.586947 2.567799 3.117090 -0.385515 0.489558 -2.004757 -2.052356 1.772364 -5.051369 4.388453 1.472674 -4.878196 -4.838910 2.842299 -0.660434 -6.710998 16.716251 0.288465
10 0.462811 -0.780074 -0.892840 3.096400 -1.501676 2.758445 -1.843059 -1.176648 3.729630 3.995771 1.613562 -3.413857 0.614117 -2.995639 -1.685873 1.193263 -1.008361 -2.755576 -0.330063 0.065979 1.245021 -0.033547 -1.024315 3.886338 -3.219810
23 6.888457 2.747221 -0.570512 2.872738 5.986028 -4.492211 10.220615 -1.287065 6.293137 -2.672193 -5.659920 5.071149 -8.729790 -5.527986 1.705943 0.621509 2.096754 4.093936 -3.307448 -3.462876 -4.409668 1.546897 12.059447 -16.203643 -5.880511
6 -1.025590 -3.515239 -12.890649 -0.600512 -1.926170 8.376236 -2.739378 0.188311 1.604285 0.296641 -1.115011 -1.746927 4.074657 -6.405108 1.240009 -2.556152 0.372283 1.320057 -5.025156 -3.286095 7.517117 3.014330 3.119994 7.643809 4.064265
12 -11.507566 0.266322 -11.070689 -4.910547 1.768487 -7.055874 8.062819 4.012631 0.373099 3.427854 9.184248 16.988930 2.610062 -3.622194 0.700234 -6.776833 1.184230 -1.778179 -4.796958 2.813829 1.241830 8.610644 2.898477 -5.812808 -6.812050
24 -2.626671 -6.556461 2.285857 3.810438 0.051855 0.916282 2.113155 0.835968 -1.750690 -5.020067 2.518825 -3.775092 -0.190601 7.534197 -1.972361 -13.200375 6.679981 3.905526 -3.078714 -5.294755 -7.761854 -4.860413 11.496018 14.965017 -1.025059
23 -2.462547 6.201588 -2.742168 -0.708199 -1.759374 0.952749 1.697536 2.294006 -2.881729 -3.827565 0.051467 -1.092693 0.381107 -3.556792 -1.496886 1.872577 -0.923948 1.088224 -2.606517 -1.271815 -0.721946 -3.046861 6.985644 6.825142 0.749008
15 -5.442818 -7.790596 -3.765217 -0.984642 4.509073 12.586312 4.476090 2.250606 5.431050 -0.212310 1.143807 -6.032927 -4.726123 0.321857 16.118198 -6.360909 4.321222 -4.132989 -7.469699 -0.399226 -14.902874 -3.552375 7.150701 0.016838 7.446959
11 -0.949663 -1.094209 -7.116271 -4.659407 -0.823190 4.469730 0.552534 1.221523 0.273719 -4.381366 18.468010 -1.133391 -2.066919 3.599949 3.814721 -2.185766 0.491782 -1.178967 0.182285 1.342417 -8.249589 2.241394 0.236406 0.176384 -3.232117
18 0.720476 2.015451 -4.320142 8.510545 -2.439902 7.862948 4.377034 -0.819597 -1.726172 -0.422316 5.917345 -10.668956 2.311428 5.132052 1.607495 -4.834124 -5.233186 8.746254 5.095486 6.058226 3.615193 -4.083596 3.889317 -12.710731 -18.600527
24 -1.908935 -0.171131 -2.901600 0.760396 1.812132 -0.700371 2.359755 -3.058809 -3.167631 1.377316 -1.134172 -3.234140 -0.480220 0.170875 -2.384087 0.514723 -0.727688 5.905652 -0.277245 2.684156 -0.684790 -0.940328 -0.910367 6.183043 0.913467
24 -2.775450 8.974020 -2.116762 4.624527 -3.570371 6.258929 0.108545 -3.353564 -4.767999 -1.877488 4.904558 -4.451095 -2.941543 -3.336552 -9.465087 8.546962 -0.737557 3.053708 5.470459 -5.568293 -4.171786 -1.378215 -0.438568 9.078376 -0.069748
8 -2.116948 -0.272166 2.084925 4.228168 4.895020 -0.344522 -5.512356 6.193215 -1.392878 -2.982745 -0.685330 -2.256839 -1.726729 0.898689 -2.591872 -2.804080 -3.374615 0.010964 4.048671 -4.746672 -1.474795 0.707788 5.444512 2.519735 1.250858
4 -4.220927 -7.442462 7.777507 98.950407 -4.864184 -6.454669 -0.550359 -1.515755 -7.393549 -6.174906 -3.989114 -3.053476 8.732111 -0.183633 -11.756140 0.147456 -0.989343 -21.222977 -2.993907 2.317965 -6.902623 6.220746 -13.245436 -20.470432 -0.722299
3 -19.677027 0.960434 16.308053 3.757628 -10.747729 10.266353 4.931643 -13.006082 -4.423419 -4.997911 3.051541 -3.456859 -1.477733 -6.163153 12.066624 -10.628367 -0.090947 0.361991 8.786381 3.928020 -2.391148 -5.394581 -0.774985 3.650748 15.160530
14 -1.978827 -1.841920 -12.040692 -0.877408 1.069661 -6.833076 4.263795 -0.910180 -0.102356 4.447643 -0.922657 -6.922589 -5.234508 21.879724 -2.286268 -8.119930 7.708251 8.941523 -2.104463 -1.032023 -0.463567 -5.069655 7.779974 5.830625 -5.181076
15 3.724753 -4.656521 -1.368742 -0.039439 0.771164 -2.584770 -2.488661 3.794872 -2.784149 -1.105172 -4.368099 1.813319 -1.812228 -2.932130 6.863223 0.068352 0.076284 -0.021376 5.707623 4.025934 -3.633239 -0.974014 2.825479 4.701679 -5.604136
24 2.236730 -9.909703 -17.293563 4.408941 -2.154376 0.167664 2.870781 8.600349 -3.682429 -6.677215 1.029289 2.386043 -4.331351 0.678809 6.639061 -4.776969 -3.574047 1.600280 -0.413777 4.843491 -9.709945 -9.189393 16.637372 21.864162 -2.250196
1 0.000000 0.000000 0.000000 0.000000 0.000000 0.000000 0.000000 0.000000 0.000000 0.000000 0.000000 0.000000 0.000000 0.000000 0.000000 0.000000 0.000000 0.000000 0.000000 0.000000 0.000000 0.000000 0.000000 0.000000 0.000000
24 7.353074 -4.124845 -5.114816 8.361946 -2.129482 -10.465446 4.457624 -1.159670 -0.512504 2.526270 -4.333535 -14.547956 0.146315 -6.544015 9.992310 -7.175604 -2.612495 -1.434203 -7.608840 -1.674355 -6.316219 3.349035 18.565367 20.467121 0.534933
23 6.888457 2.747221 -0.570512 2.872738 5.986028 -4.492211 10.220615 -1.287065 6.293137 -2.672193 -5.659920 5.071149 -8.729790 -5.527986 1.705943 0.621509 2.096754 4.093936 -3.307448 -3.462876 -4.409668 1.546897 12.059447 -16.203643 -5.880511
24 -5.170387 -13.645461 2.091634 -1.061155 0.230632 -14.221871 -8.425186 6.675005 -1.838648 -5.725580 -3.967030 -13.230139 4.475979 16.113583 4.282660 -5.542771 7.604586 9.517288 -1.740155 -5.640015 -13.885301 0.337449 16.778641 31.887860 -5.901612
23 10.469427 7.514344 -11.515080 -4.369458 -1.169544 -8.962574 1.173141 -7.583760 0.087866 1.427832 -1.813217 3.810802 -2.607988 3.918494 4.119293 -1.402751 -17.984464 -4.226360 -15.808590 -0.233489 3.482992 -5.596633 53.249544 -3.237928 -2.741892
24 0.082540 -3.845833 2.141841 1.659331 -3.317576 0.209985 4.183562 -0.803345 -1.326549 0.978368 -0.804589 -0.554736 -0.294341 -9.979924 4.618969 -0.005011 3.786704 1.982144 -1.835021 -1.600656 -2.253250 -0.995577 2.378808 5.094753 0.499411
7 1.058829 0.136854 -25.179999 -3.437770 6.975285 7.666660 34.232490 1.223145 7.491805 -2.199481 -3.674645 2.611758 -8.591227 -10.067286 7.902741 18.037038 -9.306355 12.198292 -6.996038 -5.026550 -2.867647 -1.227400 -6.536136 -23.047358 8.623001
9 -8.901617 -3.067248 13.029742 -9.850089 13.446230 2.851892 1.895147 -5.945118 14.431783 5.334579 1.826313 -8.853867 7.699669 -2.601333 7.347484 -7.174868 3.233399 2.749572 0.681750 -9.378432 3.213049 4.407280 1.689342 -15.040528 -13.024130
10 0.687141 -0.468062 -1.245650 1.383198 0.877660 -1.916221 -0.991145 -2.210360 2.336115 8.351055 -0.139461 -0.861126 -0.805389 3.264648 1.884201 -2.086357 2.380378 1.011826 -2.580843 -3.099136 2.559501 -3.340093 -6.032020 -0.500855 1.540996
6 -1.861590 -3.870180 -5.582026 1.303030 5.437174 13.791310 -7.799446 4.983411 -5.619497 7.063859 -4.900278 -9.291140 -5.472911 12.670797 -5.655376 -0.252987 5.604442 2.428675 -0.771320 -7.879417 -2.180287 -3.136757 6.083089 6.221565 -1.314132
23 -14.354017 -2.821620 -4.200474 -3.270526 1.298571 -0.182432 -5.178724 7.592169 -3.169974 -10.879078 -2.776369 -3.515801 -0.318386 -8.208525 11.944180 -3.418549 2.753525 10.786851 -1.255287 -8.006520 -12.126446 5.839563 20.643068 18.451873 4.372937
1 10.385098 3.020399 -5.526003 0.706464 0.046703 4.323426 2.597943 3.020712 -4.361464 -0.891104 2.054401 7.621346 -1.150499 5.640769 -3.292475 -5.212486 1.313321 -3.035193 -0.837653 -1.329729 -14.295518 -2.666906 4.339702 2.391980 -4.863234
9 -0.087541 -2.272544 -2.394002 0.054232 6.234488 -1.546598 7.904502 4.406691 17.202412 4.362995 3.040075 -0.654395 4.832445 1.040519 -8.908778 -7.514917 0.797939 2.427229 -6.712993 -0.007669 -2.370479 -1.568292 -5.986751 -6.574228 -5.704341
7 7.050787 -1.736316 -3.513606 2.130878 1.204011 -8.043271 9.126018 0.468961 3.127908 -2.495133 -6.171934 1.100739 -2.543624 -4.386021 -6.852480 -5.990028 -0.000722 6.957193 -5.767152 1.931903 3.642447 0.998702 4.978433 8.441826 -3.659512
24 -11.173151 -2.235716 -2.895786 -5.927053 -1.497453 -10.444382 -6.480914 0.538768 3.480246 -0.698435 -8.064869 -2.801360 1.882800 1.603451 0.881181 0.101656 -1.859474 -0.968369 -0.304936 3.408693 -5.741636 -1.716050 -2.159697 54.395406 -1.322921
7 -3.995840 -2.567640 -2.008942 -2.355691 -0.077966 5.884314 7.411251 2.043439 -1.598249 2.093871 -3.192779 2.992869 -0.933049 -1.338206 3.533592 -1.268652 1.291671 0.255165 0.683636 -1.244737 -4.260244 1.608429 0.570078 -7.226250 3.699930
2 -16.360630 21.082447 -6.559955 -2.961557 -4.608042 -6.652257 1.144691 3.340913 5.000131 -11.292158 0.322214 1.990683 -0.134156 10.825068 -3.888756 10.948808 16.239535 -3.429497 -0.866844 1.434214 -7.070087 -9.987042 -4.185410 -8.421683 14.089370
15 0.983150 2.895981 -3.848772 2.689294 -3.919538 -1.381391 -11.449867 0.934254 -1.589995 -3.991155 5.789213 -2.173897 5.029241 -3.007246 13.540857 2.590438 -3.517240 -12.968400 5.883206 0.469082 -4.704115 -4.188547 10.674488 4.369512 0.891454
24 7.353074 -4.124845 -5.114816 8.361946 -2.129482 -10.465446 4.457624 -1.159670 -0.512504 2.526270 -4.333535 -14.547956 0.146315 -6.544015 9.992310 -7.175604 -2.612495 -1.434203 -7.608840 -1.674355 -6.316219 3.349035 18.565367 20.467121 0.534933
15 3.724753 -4.656521 -1.368742 -0.039439 0.771164 -2.584770 -2.488661 3.794872 -2.784149 -1.105172 -4.368099 1.813319 -1.812228 -2.932130 6.863223 0.068352 0.076284 -0.021376 5.707623 4.025934 -3.633239 -0.974014 2.825479 4.701679 -5.604136
6 -8.594802 -3.501396 -0.365175 0.251505 -5.732711 18.506278 -6.528550 -2.287677 -4.354205 0.040465 3.022233 -3.282544 0.272782 3.466867 4.087361 5.723937 2.927503 0.905146 -0.576751 -0.157332 -2.142760 2.932332 3.703453 -3.827504 -4.488454
10 1.257915 -2.057938 -1.465530 1.957789 -1.112036 -7.616117 6.834114 -0.962547 0.866368 7.213106 -3.175641 -1.076146 3.716370 -0.527876 0.171757 -3.112119 4.519000 0.716681 4.935138 -5.514045 -11.700851 1.529485 6.950406 1.374960 -3.722235
25 -3.178897 -2.983314 0.087515 0.593099 1.313871 -0.446966 -4.761468 -0.881105 3.170228 -2.347330 1.269506 -1.976842 0.553398 -0.242791 -0.225158 -0.490906 2.994474 3.127965 3.515177 -1.622311 -1.164412 -0.342683 -2.541958 2.042754 4.538151
13 -3.395855 -4.644843 -7.976427 -8.135437 -4.354200 -3.628014 2.672461 6.104464 2.725635 3.689915 8.721024 10.098606 10.290087 -2.461370 1.971907 10.243621 -5.913422 6.078350 -2.380794 -6.636338 -2.023270 1.604687 -7.664262 -6.900267 1.913738
16 -5.660754 -4.166453 -1.321754 0.096463 2.593146 -5.806143 3.662992 -0.810672 2.071194 9.063485 -1.577788 4.186894 4.012526 -0.183037 4.830476 12.529245 -1.468861 3.091103 -6.011332 -4.037706 3.012455 3.947560 -11.104466 -6.781668 -4.166906
25 1.299671 2.638857 -0.930175 1.250633 -1.335367 -4.892374 3.440568 -5.713454 -3.710036 -2.513475 -9.345096 -0.814177 -2.344598 -8.067759 -5.011698 0.544913 9.684810 -2.964553 1.296215 2.244299 2.482450 3.931574 1.005555 7.508463 10.314755
10 17.733347 -1.609161 -4.913098 3.222826 -0.190221 0.309094 -18.458140 -4.648586 -8.426110 109.057422 -6.386457 -4.705309 2.213244 1.254100 -13.160214 0.802245 -9.490378 -18.347650 -8.643457 -13.496118 -10.522511 -0.510668 -8.435551 7.756280 -10.404929
15 -1.524036 -8.057862 -3.656045 -5.305854 7.048220 -8.510047 -7.031461 2.799114 -2.730500 -2.807577 15.124727 16.861375 -4.980295 -5.528905 30.334085 -1.569897 -4.491617 -4.046980 0.662499 -2.581487 0.961999 -5.696483 1.619502 2.419185 -9.311654
24 -0.632792 -1.126326 -5.154116 2.968711 -1.290324 0.854379 11.128646 2.298292 8.680292 -6.881121 -2.411913 2.244595 -2.429799 -5.133943 -0.075499 -10.243147 -4.309536 -8.258650 -4.437300 -1.006692 -2.580336 -0.904828 9.619507 15.679432 3.402468
23 6.888457 2.747221 -0.570512 2.872738 5.986028 -4.492211 10.220615 -1.287065 6.293137 -2.672193 -5.659920 5.071149 -8.729790 -5.527986 1.705943 0.621509 2.096754 4.093936 -3.307448 -3.462876 -4.409668 1.546897 12.059447 -16.203643 -5.880511
9 -1.307767 -1.259823 3.819962 -0.587434 -2.836317 5.749107 2.827072 -2.796052 32.709742 -6.033795 -15.142447 4.137089 1.418812 -1.554668 -16.450369 2.056074 1.093602 7.468919 5.137246 9.484522 -13.083448 -4.391906 -2.458349 -16.400803 8.401029
14 -5.305761 -6.011544 -6.956575 -3.927645 1.750848 3.900351 3.325703 -5.546962 1.131527 -0.975859 -0.663511 -3.125785 0.567231 8.426623 7.318141 3.297481 -1.050476 -4.458223 1.718338 3.963544 2.154879 6.503244 0.501944 -5.139609 -1.397903
22 7.184597 0.909985 -2.464259 3.140337 6.744948 1.537883 -1.581347 -0.511071 7.962534 6.349829 -9.163278 0.940350 -1.986462 6.637695 -11.369378 -5.303624 -5.486660 4.409751 -11.318228 3.302832 3.628853 13.186110 -1.182358 -2.028034 -13.541007
23 -2.462547 6.201588 -2.742168 -0.708199 -1.759374 0.952749 1.697536 2.294006 -2.881729 -3.827565 0.051467 -1.092693 0.381107 -3.556792 -1.496886 1.872577 -0.923948 1.088224 -2.606517 -1.271815 -0.721946 -3.046861 6.985644 6.825142 0.749008
10 -7.092195 -6.283253 11.631540 2.702758 12.384811 -4.584461 2.583048 3.405455 9.223922 15.095769 8.966092 -4.262981 -3.582895 -3.796229 -5.135591 -12.640732 -1.079362 -9.658219 -4.579381 0.531226 0.762836 9.284850 -2.556390 -3.982216 -7.338402
1 12.946653 -6.324062 0.129451 1.228978 -0.738124 -1.912673 -0.179917 2.936424 7.262590 -0.532380 0.497669 6.299834 -0.356802 2.115762 -3.336541 -3.105030 0.298075 1.892813 -0.890592 -1.357701 -2.700690 -5.321977 -4.087105 -2.228269 -2.536388
25 -4.244137 3.296578 -2.084547 -1.018284 1.645885 -0.796064 4.599452 -1.812614 -1.420047 -3.885056 -1.385120 1.556792 -3.745902 -1.801217 6.062850 -0.394235 0.298498 -2.323712 -1.748096 -4.343722 -0.375460 -3.922589 5.693070 -0.887220 13.034893
21 -0.322560 -1.338090 -1.699703 3.480548 5.716626 -4.128738 -1.277547 -0.468897 -3.878729 7.050582 -1.610884 -5.195553 -4.331849 -0.363189 2.416843 -1.991894 2.208720 0.974512 0.777632 -1.793699 7.824734 -0.352873 4.430626 -2.915962 -3.210656
4 -2.382832 -10.278102 -5.812450 17.859221 0.611615 -3.164524 6.598159 -2.524686 -3.213032 -8.756341 -2.586006 0.632335 7.361064 -3.298254 -5.117242 -5.699866 8.384044 11.111564 -0.964932 0.786723 8.735749 -4.377325 7.752919 -12.107139 0.449340
11 -4.731386 -6.173874 -3.107925 3.163034 3.909241 -9.418928 4.478665 2.802307 -2.593273 -2.112635 10.273245 3.127094 1.863240 -3.269900 3.339342 -1.273020 -9.532645 -6.799266 -7.663222 0.370845 5.646618 3.959319 2.701772 6.102093 4.939260
11 1.836204 -1.194451 -11.412684 3.214740 -0.330495 19.912703 3.387374 -10.546159 6.127897 -13.494784 26.873417 -6.543187 15.204155 8.755589 -4.711176 8.460550 -23.713295 -7.074789 8.181675 -0.529725 -8.542201 9.194425 5.234592 -4.500711 -23.789664
6 0.414096 -11.815764 -2.817968 -5.040129 -8.471773 110.931351 -3.234542 -4.055773 -0.593672 -16.407563 -0.176412 -8.446462 -11.862421 -19.024338 -0.888765 -2.029237 1.628152 -6.179939 8.713136 -1.178412 -12.061168 -14.256733 -7.837905 2.557603 12.134646
24 0.082540 -3.845833 2.141841 1.659331 -3.317576 0.209985 4.183562 -0.803345 -1.326549 0.978368 -0.804589 -0.554736 -0.294341 -9.979924 4.618969 -0.005011 3.786704 1.982144 -1.835021 -1.600656 -2.253250 -0.995577 2.378808 5.094753 0.499411
24 2.773959 -1.379052 -10.475173 -3.569256 -0.542168 -0.359763 -11.762514 5.056780 -4.623314 -20.170183 7.699401 -12.761427 -0.466244 -0.437705 2.097744 -7.009111 1.479222 3.807240 19.181828 -5.150071 -2.121655 2.580738 -7.640117 31.090858 12.699993
15 -5.442818 -7.790596 -3.765217 -0.984642 4.509073 12.586312 4.476090 2.250606 5.431050 -0.212310 1.143807 -6.032927 -4.726123 0.321857 16.118198 -6.360909 4.321222 -4.132989 -7.469699 -0.399226 -14.902874 -3.552375 7.150701 0.016838 7.446959
25 8.705487 -0.818450 -2.179636 3.151003 -2.234334 -0.039293 1.466656 -1.181325 -0.216362 3.528164 -1.070671 -2.310294 -2.064826 -1.945292 -3.137672 -1.391313 1.006582 -2.120505 -0.687187 -2.128576 -0.888658 0.255939 -2.696250 0.008636 8.988180
10 0.611791 -9.489896 -4.083528 2.294793 3.989807 4.529341 -4.442718 3.858335 -10.192561 15.231354 -1.480380 2.719692 1.711809 -7.945257 -16.755461 -3.125201 -0.362525 -6.785331 -4.859873 3.337550 13.968882 5.178406 3.194835 11.597019 -2.700881
13 2.571762 -1.798728 -8.635374 -2.012893 4.146621 2.325800 10.520437 -3.761030 3.853495 8.773289 0.288990 -1.884094 14.158881 3.722018 10.023550 8.326024 -10.863643 6.438201 1.864873 -9.038341 -5.243992 -15.221915 -9.531828 2.208303 -11.230401
24 -5.863109 5.669656 -3.691660 -10.145168 -0.550292 -1.834282 2.780752 -7.015595 9.628843 -2.561090 -7.045972 -5.023483 0.179491 -0.028861 3.932260 9.621762 1.617153 -11.484393 -1.073568 11.227396 -1.346531 -5.614330 -9.390861 25.001277 3.010603
18 2.518203 -3.037143 -4.998137 -0.246703 1.074634 -0.279236 3.535642 -0.026862 -1.351838 4.495300 -1.886426 -4.106724 1.405107 -2.129369 4.889198 -2.055823 -1.315873 5.382778 0.740566 -0.204417 0.078651 -2.541218 3.156622 2.117840 -5.214772
15 -5.442818 -7.790596 -3.765217 -0.984642 4.509073 12.586312 4.476090 2.250606 5.431050 -0.212310 1.143807 -6.032927 -4.726123 0.321857 16.118198 -6.360909 4.321222 -4.132989 -7.469699 -0.399226 -14.902874 -3.552375 7.150701 0.016838 7.446959
24 -0.032202 -2.716979 2.867077 0.192331 -1.334967 1.171932 -5.264147 -2.379838 -2.568218 1.890089 2.527031 -2.740875 3.505215 3.327810 -0.632574 1.068023 2.220206 -4.417053 -1.636566 0.832559 -2.060108 -1.424517 3.914338 8.387041 -4.695608
4 1.055081 3.082411 4.602488 13.044489 -0.869489 -2.466479 0.829972 -3.024784 -0.754006 -6.446496 -2.545488 -1.363056 -3.204287 2.807412 0.172137 -5.977052 5.943645 -4.665966 -0.855914 -2.264937 -1.552740 0.379665 8.303238 -0.353106 -3.876737
23 -7.700454 10.752870 2.495784 -4.574133 6.923376 16.499564 2.789703 1.409268 12.231181 -1.475448 0.923488 -10.161865 -2.252851 -16.777272 -8.819657 -9.057573 -3.589778 -0.360835 -5.535356 16.379396 -10.325968 1.796156 27.458252 -16.949198 -2.078648
5 3.287831 1.398911 -3.221211 1.301241 4.290437 -3.495157 -3.290597 0.556276 -0.897990 2.927651 2.335586 -3.786714 -0.098335 -1.840929 0.767266 0.654296 -2.080753 3.004107 -3.703298 0.273202 -4.314968 4.031160 1.593481 2.775806 -2.467299
7 -6.451871 4.505441 -4.624043 5.616101 2.256621 1.839769 15.112836 3.678099 -1.025777 -3.160304 4.392970 -14.269851 -1.374082 -2.257828 2.599645 -7.698433 -5.182149 3.107308 0.667086 -7.763370 -1.140039 4.137829 3.633183 1.806638 1.594227
25 -11.235251 -1.886260 5.902759 -9.339093 3.089433 5.544309 -10.495907 -9.368158 -4.886954 -14.792074 16.003954 -6.464956 6.802975 -6.941325 17.399052 -15.307520 8.060564 -6.476477 12.809136 -8.127639 7.615296 -10.017794 7.457945 -1.265526 25.919519
15 12.933111 -2.558103 -6.791182 -0.161324 -4.490002 0.210510 3.325162 5.067025 0.536378 -7.387855 -7.547453 -4.797601 5.685674 -4.701041 13.410876 -9.664086 2.908237 -2.242066 -9.458452 -4.822939 6.867253 3.923634 5.480149 -0.814094 5.088197
