23 -0.289960 -1.727368 -4.852951 -2.458241 -3.827905 -1.024027 6.209592 -0.800742 -0.544683 6.712208 4.931715 -2.148736 -4.356709 -5.987306 5.801813 -5.292559 1.174886 1.735106 -0.245536 -0.787135 -5.771917 2.131360 7.254157 3.813129 0.351815
24 1.930242 -7.522908 -3.823548 -8.306934 3.316909 -0.501732 6.893856 2.090182 4.416511 2.006105 3.375215 -4.057003 -5.416919 -3.000226 -4.768420 -6.969296 -0.543720 -0.876034 3.751204 -4.436026 4.507032 -7.601206 -5.431571 32.660435 -1.692147
7 5.533737 -0.159343 0.788153 2.241209 -0.165754 -3.819601 7.129520 -4.364078 -4.774921 -3.300797 -4.952825 2.077649 2.660600 -1.178008 -3.819936 1.680974 -2.426507 4.590531 0.627588 -5.344047 2.409212 2.574375 1.705912 -0.572002 0.858360
7 0.643046 -3.286064 11.566835 4.337042 -2.553473 5.086245 12.137563 -5.526823 -0.072551 8.542704 -4.022330 -0.529632 -1.320090 -6.648772 0.395425 -8.344499 0.361893 3.697283 -2.829321 -6.552224 1.871252 -5.968317 4.066415 -7.752623 2.701023
21 0.000000 0.000000 0.000000 -0.003451 -0.342122 0.000000 -2.033565 0.000000 -0.304115 0.000000 -0.041457 -1.126135 -0.394937 -0.376197 -0.269138 -1.230082 -0.415970 -0.146432 -0.245305 -0.102477 5.902079 -0.870776 0.000000 2.000080 0.000000
10 0.000000 0.000000 0.000000 0.000000 -0.044635 0.000000 0.000000 0.000000 -0.126513 2.000080 0.000000 -0.907230 0.000000 0.000000 0.000000 -0.047702 0.000000 0.000000 -0.544035 -0.281647 -0.048319 0.000000 0.000000 0.000000 0.000000
4 -0.561871 -0.506699 1.981773 4.110888 0.503472 -2.801418 0.065700 -1.563894 0.052168 0.325526 -0.433935 0.032232 1.799183 1.418022 -0.425407 -0.967961 -1.160845 -2.412031 -0.597802 0.082194 -1.060228 0.680776 0.940321 2.098883 -1.599050
15 7.075207 -2.622940 -3.532055 0.140565 -2.167573 11.975640 -4.312704 -4.591573 15.045499 -0.636465 9.850156 5.194533 -12.609453 -5.947604 16.162917 -6.430169 -1.690281 3.791305 -3.225010 1.800559 -9.591594 -6.699539 -3.111263 -4.026055 0.157902
21 6.881693 0.749426 -8.259906 5.273845 -2.643649 4.637160 -1.838592 -6.903152 -1.055379 -1.464288 4.767190 -0.230104 3.550162 1.020583 -8.332684 4.051079 2.260950 -3.206500 -5.681710 3.980661 7.742129 0.692049 -2.668264 -10.940267 7.617569
11 1.985792 -1.125928 -1.623145 -1.101423 -2.698360 -0.172009 2.556837 -1.550534 -1.093261 1.240304 15.214396 -0.285203 -0.704930 0.895575 0.791287 -1.144575 -4.734181 -1.187354 -0.557602 0.318405 -0.816911 -1.345047 0.186592 -3.469254 0.420529
12 -2.064503 -2.865046 -2.339591 1.992473 1.668790 -0.360360 -1.653731 0.559921 2.179412 -0.780457 -3.534488 9.869163 -3.744942 5.750414 2.970568 -1.593668 3.858783 -2.099956 -2.668555 -2.330097 2.824192 -1.526826 3.228415 -5.810994 -1.528917
24 7.353074 -4.124845 -5.114816 8.361946 -2.129482 -10.465446 4.457624 -1.159670 -0.512504 2.526270 -4.333535 -14.547956 0.146315 -6.544015 9.992310 -7.175604 -2.612495 -1.434203 -7.608840 -1.674355 -6.316219 3.349035 18.565367 20.467121 0.534933
1 0.000000 0.000000 0.000000 0.000000 0.000000 0.000000 0.000000 0.000000 0.000000 0.000000 0.000000 0.000000 0.000000 0.000000 0.000000 0.000000 0.000000 0.000000 0.000000 0.000000 0.000000 0.000000 0.000000 0.000000 0.000000
3 7.055671 -5.094352 24.069583 -12.379089 -11.451700 5.639584 -1.628446 -1.370017 -2.163020 -8.319870 -6.565423 6.226351 4.919928 5.345873 5.856812 -1.536198 -4.901518 2.352941 -7.079405 1.562607 -2.573912 -5.766604 -4.321801 3.570009 8.551994
24 9.221705 -6.099137 -6.691139 1.883955 3.218274 -4.852556 7.578220 -7.281932 0.241030 3.799836 -2.184931 -0.634527 -3.975581 3.842777 0.348022 -3.506707 -3.936904 -3.646398 -3.247620 -2.296511 1.872588 8.808170 -3.250230 11.489336 -0.699738
4 7.929744 -5.699563 -10.412068 16.387628 -5.052111 -3.305292 -4.121463 8.385550 2.283292 0.472941 -1.665924 -10.662834 14.284037 3.183727 1.593166 0.384471 -1.248742 -0.808660 -5.601020 1.538094 5.923511 -5.763882 2.895060 -1.107637 -9.812024
12 -5.393314 -3.835623 -1.236526 3.163926 -1.113337 -0.541775 -3.235441 0.047803 -2.708862 -3.452594 -10.184769 11.935940 -4.864430 -2.215867 -1.421143 -6.182317 10.646445 -0.297197 0.873250 0.146750 0.493261 5.876425 -3.158676 5.638790 11.019290
14 -2.824829 0.401926 0.943065 0.890367 -0.129972 2.327728 -0.930835 -2.556532 -4.975058 1.465491 0.650685 0.749329 4.179152 6.572625 -0.475724 -1.884864 0.641490 0.826404 -1.304898 3.175166 -2.712741 -1.882294 1.402579 -2.714805 -1.833454
15 -2.938782 2.345201 2.551972 -0.999580 -1.348659 -0.391587 -3.178804 0.754289 -4.063435 -0.266247 0.842808 2.050591 -1.458964 -2.617361 5.275803 4.116862 0.488952 2.794730 -3.356860 2.833194 -8.316887 0.005241 0.880088 5.156384 -1.158941
15 -5.442818 -7.790596 -3.765217 -0.984642 4.509073 12.586312 4.476090 2.250606 5.431050 -0.212310 1.143807 -6.032927 -4.726123 0.321857 16.118198 -6.360909 4.321222 -4.132989 -7.469699 -0.399226 -14.902874 -3.552375 7.150701 0.016838 7.446959
24 7.353074 -4.124845 -5.114816 8.361946 -2.129482 -10.465446 4.457624 -1.159670 -0.512504 2.526270 -4.333535 -14.547956 0.146315 -6.544015 9.992310 -7.175604 -2.612495 -1.434203 -7.608840 -1.674355 -6.316219 3.349035 18.565367 20.467121 0.534933
15 -5.442818 -7.790596 -3.765217 -0.984642 4.509073 12.586312 4.476090 2.250606 5.431050 -0.212310 1.143807 -6.032927 -4.726123 0.321857 16.118198 -6.360909 4.321222 -4.132989 -7.469699 -0.399226 -14.902874 -3.552375 7.150701 0.016838 7.446959
7 0.000000 0.000000 0.000000 0.000000 0.000000 0.000000 1.098096 0.000000 0.000000 -0.036455 0.000000 0.000000 0.000000 0.000000 0.000000 0.000000 0.000000 0.000000 -0.076319 0.000000 -1.030310 0.044988 0.000000 0.000000 0.000000
22 -12.133837 3.466895 -0.444620 -5.065778 1.310700 -1.576688 2.653090 3.767396 2.002222 -0.476020 0.387153 1.208562 2.351323 -3.449095 3.798654 -3.178225 -6.620848 7.820408 -2.905948 1.143675 -3.110664 12.725981 3.796225 -7.011023 -0.459534
16 -7.789162 11.896729 -1.922394 5.655716 2.402358 -7.699134 -1.745854 -0.292277 -8.996640 1.584866 11.721131 2.242945 -0.733838 -7.524487 -8.419081 16.547329 -2.820908 -12.289135 -15.295212 3.086996 6.949704 1.518559 11.476687 -3.061588 3.506690
24 7.353074 -4.124845 -5.114816 8.361946 -2.129482 -10.465446 4.457624 -1.159670 -0.512504 2.526270 -4.333535 -14.547956 0.146315 -6.544015 9.992310 -7.175604 -2.612495 -1.434203 -7.608840 -1.674355 -6.316219 3.349035 18.565367 20.467121 0.534933
24 -1.539997 5.977404 1.716385 -0.931765 -0.452449 6.428750 -0.132232 -0.611775 4.790840 -4.119928 -1.877825 -3.931729 -0.808228 -3.934589 0.119223 4.553046 -2.778533 0.719551 -2.161102 3.486976 -3.736740 0.260996 -6.776505 6.675578 -0.935343
17 -5.162927 4.619692 1.811698 -3.426499 2.408199 0.263666 -3.096949 1.201335 -6.183543 6.883869 -5.703408 1.582047 0.760575 -1.521472 3.275180 -1.379594 11.347513 4.715513 -5.034622 1.602900 -9.175240 -2.463115 8.056503 -7.837027 2.455707
23 -16.961755 -3.449438 -0.297990 3.196372 1.185116 14.241611 5.175136 -0.321203 8.546998 0.282264 -3.792682 -10.405351 13.724028 -15.142273 -2.086076 -8.480850 4.955074 -0.120983 2.882637 -1.100346 -9.033543 -3.549749 20.012681 7.724995 -7.184671
16 5.897460 -10.256614 -0.493957 4.404355 0.089270 1.101804 3.859229 -0.065461 -0.676679 -0.792443 2.632590 2.204893 4.761068 1.711715 -15.714400 9.048252 -4.414224 -4.038190 -1.281406 -0.939659 7.739146 0.303251 2.014518 2.324110 -9.418627
23 -0.289960 -1.727368 -4.852951 -2.458241 -3.827905 -1.024027 6.209592 -0.800742 -0.544683 6.712208 4.931715 -2.148736 -4.356709 -5.987306 5.801813 -5.292559 1.174886 1.735106 -0.245536 -0.787135 -5.771917 2.131360 7.254157 3.813129 0.351815
24 -2.328805 -6.823644 0.239767 3.615063 -0.952825 -6.147792 2.527115 2.049477 2.028636 -1.060965 8.216335 3.000183 4.414431 -2.843500 2.671194 1.582275 -3.973436 1.254290 -2.225707 0.888523 -3.441699 -3.473228 -5.650825 11.642709 -5.207570
6 -0.717655 -0.477410 11.570898 15.137022 -10.135395 21.356867 -4.627330 -0.257733 2.175692 -7.331731 -15.496075 -0.983840 -0.124065 13.625435 -3.550105 -9.726634 2.584261 -0.675034 -2.633225 0.787996 -2.625340 -8.646077 12.569453 1.911145 -13.711111
15 -5.442818 -7.790596 -3.765217 -0.984642 4.509073 12.586312 4.476090 2.250606 5.431050 -0.212310 1.143807 -6.032927 -4.726123 0.321857 16.118198 -6.360909 4.321222 -4.132989 -7.469699 -0.399226 -14.902874 -3.552375 7.150701 0.016838 7.446959
14 -12.473686 -8.911918 -9.037072 -18.463256 -4.486450 -5.316831 -16.932012 1.147931 -2.490702 0.584020 3.309575 -10.443910 -6.161954 110.241950 -18.355661 -4.686166 -4.896172 -12.074423 -2.864409 -2.425366 -9.777769 -1.481349 58.174454 -17.444591 -4.734234
18 1.772439 -6.961788 -1.240743 2.617493 -2.591269 1.755576 0.024873 0.104641 -3.832517 3.294814 4.585054 0.569672 -2.403703 -1.392264 -1.187902 -4.081624 2.729952 5.003958 1.862401 1.943944 -2.080053 -1.353710 1.965065 2.587103 -3.691404
2 -1.682552 7.182199 1.229902 1.357583 -0.879387 -1.716168 -2.950115 -1.185771 -4.687951 -7.018754 5.228385 -2.220308 6.641571 -1.041852 1.427787 2.767290 1.972674 0.600755 -1.237843 1.931551 2.074056 0.636883 -9.066556 1.883304 -1.246680
15 -5.442818 -7.790596 -3.765217 -0.984642 4.509073 12.586312 4.476090 2.250606 5.431050 -0.212310 1.143807 -6.032927 -4.726123 0.321857 16.118198 -6.360909 4.321222 -4.132989 -7.469699 -0.399226 -14.902874 -3.552375 7.150701 0.016838 7.446959
3 2.000080 -1.447652 3.821482 -0.960689 -0.884871 0.000000 1.239739 0.000000 -0.217449 -1.213747 -0.119920 1.222545 0.084823 -0.187416 -0.035028 -0.329677 -0.303287 -0.507286 0.000000 2.034446 -1.908981 -0.177922 -1.183925 -0.528902 -0.396363
17 0.827153 6.136604 -3.678423 0.659792 0.890576 1.829283 -0.431501 -1.129444 -2.948964 -0.990433 -2.884106 -1.925761 -0.194641 -2.880051 4.251291 -1.001903 7.530664 -2.549962 2.714251 -1.399684 1.469354 -3.886756 -1.628952 1.774270 -0.552656
23 -0.289960 -1.727368 -4.852951 -2.458241 -3.827905 -1.024027 6.209592 -0.800742 -0.544683 6.712208 4.931715 -2.148736 -4.356709 -5.987306 5.801813 -5.292559 1.174886 1.735106 -0.245536 -0.787135 -5.771917 2.131360 7.254157 3.813129 0.351815
24 9.033665 -13.064631 -0.860405 6.211733 0.825293 -7.455721 4.647589 1.220549 -4.468848 10.280617 -0.793532 0.545480 3.656414 -1.390254 -1.456148 -3.552894 -2.245865 2.458395 1.102859 -2.024606 -8.423419 0.378737 -7.218219 15.958459 -3.365248
13 -1.665686 -1.945870 -4.061934 -1.540733 -2.446722 3.190445 0.861704 0.678962 -1.064156 2.691879 1.835377 0.241820 9.065383 -0.857822 -3.814239 -2.032306 -0.848001 1.871847 -3.286765 1.120622 -0.957149 4.727977 5.053905 -4.313842 -2.504696
3 -0.517518 5.497135 17.038514 2.223160 0.125328 4.853302 -3.945447 1.077053 -3.887043 -0.408537 -5.661713 -2.155933 -9.320614 1.351244 -5.210098 0.805496 2.458213 -0.326806 -0.493060 6.374142 -5.311897 8.467538 5.459962 -13.916027 -4.576394
24 3.752018 10.554669 -9.476601 7.700714 -0.706699 -16.193773 -6.087516 2.217017 1.174511 1.014521 3.961719 7.232850 8.144349 8.706136 -10.961180 -7.593018 -8.066130 -2.858563 -4.160729 7.201230 -11.252533 0.302010 8.636829 11.903682 -5.145513
24 -5.158397 -4.453040 -2.133520 5.179266 -1.443246 20.330522 -6.847329 -7.264524 1.551341 -1.593447 7.864842 -26.557343 10.012540 5.167136 -10.840726 -3.522475 -12.277084 6.342034 0.928617 -8.616060 -4.065340 1.380772 6.613772 32.655329 -3.253638
4 102.783017 -9.478303 -12.980197 181.313329 -14.906386 -9.032248 -35.081612 -6.160424 -22.638425 -55.858957 -21.664284 -10.454224 -21.780139 -20.264098 -11.533390 -16.129417 -13.379794 -23.542988 -9.675979 -12.785964 -28.706328 176.511852 -28.752598 -52.212718 -23.589725
9 3.647389 -1.168577 2.173933 -3.606947 -7.076068 -6.195684 4.155553 0.381598 6.515732 -1.746010 3.645862 6.392858 5.437934 -4.324230 3.015376 -3.658056 5.442328 -2.801705 -0.732217 -3.325136 -4.710481 1.096035 0.367361 -4.741883 1.815035
24 10.181115 -6.788048 -9.472421 2.689261 4.486644 6.261527 6.477348 -3.340787 -2.383544 -0.567133 -14.369993 -16.800836 4.795468 10.038900 -2.439768 -4.812587 -13.710402 8.381674 -8.173970 -8.982443 -10.331116 12.183861 4.143366 27.348605 5.185277
15 -5.442818 -7.790596 -3.765217 -0.984642 4.509073 12.586312 4.476090 2.250606 5.431050 -0.212310 1.143807 -6.032927 -4.726123 0.321857 16.118198 -6.360909 4.321222 -4.132989 -7.469699 -0.399226 -14.902874 -3.552375 7.150701 0.016838 7.446959
2 -4.059276 9.412048 -2.172238 2.690504 -0.693902 -6.731670 7.793521 6.174952 3.673817 4.074773 1.630880 -10.260086 0.498889 -3.970055 -5.744569 7.098867 1.250974 2.302179 -10.011029 3.395866 -0.122266 -3.534841 8.205275 -8.854078 -2.048535
7 -7.559476 -6.894100 -3.264125 -2.622357 -1.267402 2.570277 11.074677 5.297851 2.479651 -0.139142 -3.116403 -0.583470 -5.086520 -1.721021 1.730481 7.217035 1.157557 2.171879 0.032999 1.763399 -2.210737 3.236042 8.003916 -10.989649 -1.281361
6 -0.233565 -2.315306 -0.339612 0.840438 -0.751113 2.359805 0.478155 -1.245073 1.283017 -0.853132 -1.018302 0.855945 0.170156 1.870386 0.712692 -1.431756 -0.023224 -2.848399 -0.278121 1.621541 1.070649 1.724092 -1.990431 1.230614 -0.889455
23 -0.257128 -5.330484 4.075449 10.283923 1.808419 -0.216595 -3.064232 -0.226670 -4.075160 4.810975 -0.181428 -5.585924 -5.376067 4.807673 -0.003749 -4.984235 -0.283350 -1.130952 -1.224318 1.885199 -1.665236 6.468574 10.562654 -7.525103 -3.572236
24 3.660976 5.651771 -1.610160 -0.699595 1.442775 -10.028127 2.360595 -4.768756 -1.326314 4.552483 12.142447 -5.401345 -0.170861 2.160240 2.729928 -6.560752 -4.222581 -5.773190 -3.569598 -0.011485 -7.008361 9.940048 -14.812671 18.192639 3.129896
4 6.365717 -8.447031 1.002930 7.408283 0.357149 -1.067005 1.598711 -0.156784 -2.553758 2.754010 -0.903704 -0.420635 1.735932 0.897291 -1.777899 2.268239 -4.994357 0.725641 -2.461746 3.836193 -3.915764 0.882085 -2.011289 -0.835682 -0.286525
23 0.058422 1.744940 -3.060208 0.241797 0.225634 -1.384068 0.572074 -0.269452 -1.381047 1.236778 -0.152936 1.042285 -1.414368 -1.629289 -0.838546 -1.504484 -1.919162 0.287903 0.628166 -2.730512 -1.865808 -1.510069 7.488977 5.643690 0.489289
24 7.353074 -4.124845 -5.114816 8.361946 -2.129482 -10.465446 4.457624 -1.159670 -0.512504 2.526270 -4.333535 -14.547956 0.146315 -6.544015 9.992310 -7.175604 -2.612495 -1.434203 -7.608840 -1.674355 -6.316219 3.349035 18.565367 20.467121 0.534933
15 -5.442818 -7.790596 -3.765217 -0.984642 4.509073 12.586312 4.476090 2.250606 5.431050 -0.212310 1.143807 -6.032927 -4.726123 0.321857 16.118198 -6.360909 4.321222 -4.132989 -7.469699 -0.399226 -14.902874 -3.552375 7.150701 0.016838 7.446959
23 3.019677 -0.250403 5.599790 -5.446575 -4.597550 -10.361920 7.346563 1.688360 10.262205 -3.074552 2.375940 -2.690723 -1.137303 -6.010183 -1.417239 5.863324 -7.448219 -7.670659 0.162435 1.686913 8.196278 -4.735173 10.711918 -2.369183 0.296282
4 -0.817762 -8.546966 1.443764 15.023466 0.228416 7.441087 -1.818385 3.627505 3.089979 -4.639846 -4.691964 -8.772469 0.848116 -6.254334 8.108902 1.030179 5.370001 6.053336 -5.347376 4.094924 -5.057461 3.161739 -11.378167 -0.742190 -1.454494
15 -5.442818 -7.790596 -3.765217 -0.984642 4.509073 12.586312 4.476090 2.250606 5.431050 -0.212310 1.143807 -6.032927 -4.726123 0.321857 16.118198 -6.360909 4.321222 -4.132989 -7.469699 -0.399226 -14.902874 -3.552375 7.150701 0.016838 7.446959
7 4.209531 -1.768021 -1.231909 0.534114 -4.030901 2.424862 5.702821 0.735294 0.803271 -0.005329 2.192112 -4.458580 1.758260 -3.238815 -2.964603 -0.945623 2.082790 -1.143029 -1.000327 1.929051 -0.443138 1.701147 3.936941 -5.255114 -1.524806
15 -5.442818 -7.790596 -3.765217 -0.984642 4.509073 12.586312 4.476090 2.250606 5.431050 -0.212310 1.143807 -6.032927 -4.726123 0.321857 16.118198 -6.360909 4.321222 -4.132989 -7.469699 -0.399226 -14.902874 -3.552375 7.150701 0.016838 7.446959
15 4.845640 -10.907560 -10.907652 12.611850 4.171411 0.633737 -5.981399 -3.312275 -5.451765 1.841619 0.874252 6.650805 4.927229 -2.884667 13.918986 3.734483 -7.425992 13.128270 10.205083 -1.348151 -14.982860 -6.179746 12.258560 -9.668879 -10.750981
25 4.618129 -5.929898 5.773835 -7.619108 -4.617508 -1.932559 1.656062 0.973774 -3.134703 6.919105 -2.370723 -4.965328 -2.342999 5.110332 -0.109567 1.461246 6.068000 3.592354 0.388091 -3.812898 -14.615281 -0.081362 10.363889 -7.675391 12.282513
24 2.348018 -2.791333 -1.666667 0.239235 8.599456 2.938961 -5.142788 -3.675081 -1.920367 3.492711 -1.292636 -6.210695 3.310614 -1.903833 -4.117898 -0.128314 -0.012843 3.223621 -4.542565 -5.145819 -3.144028 -0.017749 9.899636 11.284136 -3.623772
24 -1.513204 -4.870205 -7.006237 1.432321 -1.222323 -10.512290 -8.951035 -5.879839 -2.607564 4.129104 -1.273887 -8.057910 -4.161643 -5.589638 1.057971 -10.548662 -4.302768 16.429719 -1.197486 -2.099894 6.880855 -7.404642 9.104615 52.161368 -3.996726
5 -2.157423 0.193763 1.158789 3.260281 7.830107 0.199557 4.441590 1.935227 -0.570863 -2.487406 -0.276174 -10.182983 0.275703 1.792722 -3.217801 -0.633508 -4.454868 -4.231717 7.419510 -3.502744 0.125024 5.076944 -0.213931 -5.039320 3.259521
16 -1.778594 7.895358 3.519947 -1.945856 -2.758889 -0.738767 4.652825 0.706420 -4.067537 -11.143745 -4.922072 -0.837058 -1.391551 3.789806 1.759058 8.373089 5.893821 -4.540677 -4.572643 -3.757976 2.064580 -5.689013 6.057362 1.397140 2.034972
23 -2.462547 6.201588 -2.742168 -0.708199 -1.759374 0.952749 1.697536 2.294006 -2.881729 -3.827565 0.051467 -1.092693 0.381107 -3.556792 -1.496886 1.872577 -0.923948 1.088224 -2.606517 -1.271815 -0.721946 -3.046861 6.985644 6.825142 0.749008
15 -5.442818 -7.790596 -3.765217 -0.984642 4.509073 12.586312 4.476090 2.250606 5.431050 -0.212310 1.143807 -6.032927 -4.726123 0.321857 16.118198 -6.360909 4.321222 -4.132989 -7.469699 -0.399226 -14.902874 -3.552375 7.150701 0.016838 7.446959
24 -1.119872 -0.360600 -0.959124 -2.373185 2.499643 -4.311268 -2.190474 0.143313 -2.247904 0.599061 2.024628 -1.218008 -0.950453 -0.821040 -1.125414 -0.730119 -2.595730 -3.318778 -0.665042 9.313357 2.410883 0.184803 -4.303832 10.582153 1.533003
15 7.075207 -2.622940 -3.532055 0.140565 -2.167573 11.975640 -4.312704 -4.591573 15.045499 -0.636465 9.850156 5.194533 -12.609453 -5.947604 16.162917 -6.430169 -1.690281 3.791305 -3.225010 1.800559 -9.591594 -6.699539 -3.111263 -4.026055 0.157902
24 -1.241875 -2.574584 -10.555688 -8.545380 -0.466630 4.401775 -9.723541 3.131734 -2.879576 -4.488144 -3.695828 -1.800341 1.574700 2.236726 -1.122426 -4.302252 -4.907459 -2.418817 -0.728088 7.339583 -6.753629 -5.166137 -13.620753 69.840921 -3.534292
15 -5.442818 -7.790596 -3.765217 -0.984642 4.509073 12.586312 4.476090 2.250606 5.431050 -0.212310 1.143807 -6.032927 -4.726123 0.321857 16.118198 -6.360909 4.321222 -4.132989 -7.469699 -0.399226 -14.902874 -3.552375 7.150701 0.016838 7.446959
23 -4.037694 11.393227 1.078253 -0.961934 -1.785641 -10.395015 -3.743901 -2.017567 -1.594053 -1.825149 -1.376427 -7.890645 2.639236 -8.152277 -2.028554 -3.850136 -3.817501 2.071687 0.327059 5.895339 -4.562562 15.705296 27.809057 -3.560354 -5.319738
13 -7.335596 3.550219 2.348655 -2.016491 3.338418 4.979991 -4.125893 -1.989215 -0.992969 9.178469 -3.546985 -4.419280 12.809875 0.962331 5.006034 4.982678 -16.141050 0.742908 -2.791163 -1.688244 -7.875924 4.168392 -9.112955 7.803010 2.164787
10 -1.593751 1.577980 -1.652745 -1.986562 -1.508149 -3.146609 0.579369 -0.754958 -3.668678 11.996901 4.983084 1.014353 0.025885 -2.531408 2.369074 -1.320243 -1.249049 -2.942101 -3.294702 -1.447774 4.098889 -0.475954 -3.076087 5.970687 -1.967451
1 0.000000 0.000000 0.000000 0.000000 0.000000 0.000000 0.000000 0.000000 0.000000 0.000000 0.000000 0.000000 0.000000 0.000000 0.000000 0.000000 0.000000 0.000000 0.000000 0.000000 0.000000 0.000000 0.000000 0.000000 0.000000
15 -5.442818 -7.790596 -3.765217 -0.984642 4.509073 12.586312 4.476090 2.250606 5.431050 -0.212310 1.143807 -6.032927 -4.726123 0.321857 16.118198 -6.360909 4.321222 -4.132989 -7.469699 -0.399226 -14.902874 -3.552375 7.150701 0.016838 7.446959
14 0.187297 -3.061257 3.336793 -7.055985 -0.857945 1.237481 2.514373 1.050764 2.997869 3.200364 -2.119403 -4.330759 1.041257 6.659588 2.705169 2.676691 5.161857 4.980240 -1.245630 -1.458394 -2.682196 -0.433054 1.860217 -11.913504 -4.451832
15 -5.442818 -7.790596 -3.765217 -0.984642 4.509073 12.586312 4.476090 2.250606 5.431050 -0.212310 1.143807 -6.032927 -4.726123 0.321857 16.118198 -6.360909 4.321222 -4.132989 -7.469699 -0.399226 -14.902874 -3.552375 7.150701 0.016838 7.446959
24 -2.345362 -3.519699 -20.506526 -0.740374 7.731940 0.176739 0.912178 -6.408273 6.371612 6.814582 2.158227 -0.639202 3.401863 -0.378289 3.527199 -2.676813 -9.930688 -2.635849 6.682138 -0.277383 -7.128327 -2.212767 6.558580 9.930193 5.134301
9 -1.603575 -6.213231 -2.435862 0.944242 -2.917954 -2.833928 -6.547070 0.495116 14.673277 6.188177 5.497314 -1.841081 10.305739 1.344475 1.620486 -6.453514 -10.747471 -2.683710 -4.913538 5.572290 -0.200291 12.608329 -3.996124 -2.930456 -2.931641
16 -4.373247 -3.628311 2.993098 4.340180 1.684491 -6.411722 2.571367 -1.455716 -0.362822 2.853683 -1.817953 -1.198080 0.367965 -3.814851 0.559544 6.255282 -1.643311 3.641135 -2.083720 0.791745 -2.265703 1.196583 5.312422 -0.249539 -3.262518
23 -4.037694 11.393227 1.078253 -0.961934 -1.785641 -10.395015 -3.743901 -2.017567 -1.594053 -1.825149 -1.376427 -7.890645 2.639236 -8.152277 -2.028554 -3.850136 -3.817501 2.071687 0.327059 5.895339 -4.562562 15.705296 27.809057 -3.560354 -5.319738
23 -2.462547 6.201588 -2.742168 -0.708199 -1.759374 0.952749 1.697536 2.294006 -2.881729 -3.827565 0.051467 -1.092693 0.381107 -3.556792 -1.496886 1.872577 -0.923948 1.088224 -2.606517 -1.271815 -0.721946 -3.046861 6.985644 6.825142 0.749008
2 6.421383 9.524419 -1.946089 -5.946523 0.282516 4.113101 -0.778169 0.071694 -0.389308 -4.684020 4.530986 -5.602960 1.949623 3.616333 -1.893264 -3.909046 3.246910 0.730668 1.447894 4.114888 0.473870 0.186875 -2.878340 -10.205377 -2.478064
15 1.849993 -2.389059 -3.684878 0.028862 -4.311739 -3.332440 5.213616 3.871308 2.580380 -3.650962 3.838499 -1.439803 1.733369 -0.272675 5.937307 -0.576485 1.490016 5.688805 -0.577438 -0.948286 0.663679 1.214014 -3.798013 -9.504676 0.376604
9 6.023570 10.106028 5.692459 -1.056535 -0.652915 1.797244 -6.003201 -2.826346 12.427785 -9.845397 -0.181450 -4.315161 -0.548690 -1.304236 -10.749199 0.629441 -4.370715 3.845929 -3.078781 -1.227909 1.638531 -5.570211 4.047845 -4.011606 9.533521
24 -6.880914 -1.004386 -0.773278 -12.112497 -2.667148 -2.357732 6.570783 -4.562631 4.348065 2.974721 4.863903 -6.615387 1.660758 3.233127 -1.872566 1.081261 -1.687636 4.538961 -2.433223 -1.775141 -3.439488 -0.477919 4.155609 13.867711 1.365048
24 -5.001553 -7.831785 -3.331210 -3.950233 4.339767 -4.932828 2.653894 5.471869 1.411931 -0.463535 -1.205087 -3.951680 0.637068 1.350176 -0.676183 -0.523495 -5.233242 0.934230 -0.097443 -5.562908 -2.532423 4.964106 8.348437 21.050411 -5.868282
5 0.383517 0.983992 -0.889433 0.535769 2.056284 -1.636015 -1.569216 -0.152688 1.148128 1.241493 0.665544 -4.615365 0.357169 0.530840 0.979882 0.402429 0.065557 1.465717 -3.827239 -1.047904 -0.968728 0.994236 0.130298 0.771882 1.993848
24 0.428674 0.082014 -0.037822 1.132161 -1.305503 -0.328541 0.536810 -0.382869 -1.202944 -1.808556 -0.024769 -0.935282 -0.756651 -2.936191 1.283050 -0.403618 0.411294 1.132071 -0.065742 -1.517854 -1.365250 0.522197 1.644859 4.829476 1.068993
7 -3.933049 -2.836808 -1.981445 3.624292 -0.709452 2.090405 7.315137 4.539248 -2.158316 3.578457 -3.726698 1.662654 -0.335800 1.236149 -2.072596 -3.476312 0.719681 4.223474 -5.384756 -0.539598 -0.743817 4.205175 -0.493796 -4.594652 -0.207574
17 4.542840 2.357325 -3.683483 -4.343986 2.803840 -0.634216 0.807468 -1.304512 1.551610 2.942475 4.769664 -9.125847 2.447448 2.278594 0.700030 -1.917923 6.285970 1.256297 1.980351 0.990654 1.922528 -5.431786 -9.076133 -3.720950 1.601742
10 2.369714 -2.372594 -2.934889 3.272382 -1.246601 2.128135 3.459967 0.446463 -3.832849 9.082716 -6.437446 5.548977 0.864445 -1.836897 -7.251205 -1.376701 -1.163600 1.330641 -3.709651 5.350079 2.949846 7.145312 -11.705797 6.626464 -6.706912
15 -5.442818 -7.790596 -3.765217 -0.984642 4.509073 12.586312 4.476090 2.250606 5.431050 -0.212310 1.143807 -6.032927 -4.726123 0.321857 16.118198 -6.360909 4.321222 -4.132989 -7.469699 -0.399226 -14.902874 -3.552375 7.150701 0.016838 7.446959
4 -2.047169 -6.608511 -4.435607 13.937492 -1.312141 0.992261 10.825999 0.294119 -0.373594 5.795819 -4.983527 -3.424591 3.974806 -7.520602 -4.511452 3.023643 -6.164011 8.499574 3.270228 -3.876396 -12.432509 2.946433 1.500885 2.070627 0.558230
